{
  "RSpec": {
    "coverage": {
      "/Users/adampatel/Desktop/bank/lib/bank.rb": {
        "lines": [
          null,
          null,
          1,
          null,
          1,
          null,
          1,
          7,
          7,
          null,
          null,
          1,
          6,
          6,
          6,
          6,
          null,
          null,
          1,
          3,
          3,
          3,
          1,
          1,
          1,
          null,
          2,
          null,
          3,
          null,
          null,
          1,
          null,
          null,
          null,
          1,
          6,
          null,
          null,
          1,
          9,
          2,
          7,
          6,
          null,
          null,
          null,
          null,
          null,
          null,
          null,
          1,
          null,
          1,
          null,
          1,
          8,
          8,
          8,
          null,
          null,
          null
        ]
      }
    },
    "timestamp": 1610491310
  }
}
